Run gradlew

1m 40s


Running 'gradlew :app:bundleRelease' in /home/expo/workingdir/build/packages/mobile/android
Downloading https://services.gradle.org/distributions/gradle-8.14.3-bin.zip
10%.
20%.
30%.
40%.
50%.
60%.
70%
80%.
90%.
100%
Welcome to Gradle 8.14.3!
Here are the highlights of this release:
 - Java 24 support
 - GraalVM Native Image toolchain selection
- Enhancements to test reporting
 - Build Authoring improvements
For more details see https://docs.gradle.org/8.14.3/release-notes.html
To honour the JVM settings for this build a single-use Daemon process will be forked. For more on this, please refer to https://docs.gradle.org/8.14.3/userguide/gradle_daemon.html#sec:disabling_the_daemon in the Gradle documentation.
Daemon will be stopped at the end of the build
[Incubating] Problems report is available at: file:///home/expo/workingdir/build/packages/mobile/android/build/reports/problems/problems-report.html
Deprecated Gradle features were used in this build, making it incompatible with Gradle 9.0.
You can use '--warning-mode all' to show the individual deprecation warnings and determine if they come from your own scripts or plugins.
For more on this, please refer to https://docs.gradle.org/8.14.3/userguide/command_line_interface.html#sec:command_line_warnings in the Gradle documentation.
FAILURE: Build failed with an exception.
* What went wrong:
Could not resolve all artifacts for configuration 'classpath'.
> Could not resolve org.jfrog.buildinfo:build-info-extractor-gradle:5.2.5.
  Required by:
      unspecified:unspecified:unspecified
   > Could not resolve org.jfrog.buildinfo:build-info-extractor-gradle:5.2.5.
      > Could not get resource 'http://maven.production.caches.eas-build.internal/artifactory/libs-release/org/jfrog/buildinfo/build-info-extractor-gradle/5.2.5/build-info-extractor-gradle-5.2.5.pom'.
         > Could not GET 'http://maven.production.caches.eas-build.internal/artifactory/libs-release/org/jfrog/buildinfo/build-info-extractor-gradle/5.2.5/build-info-extractor-gradle-5.2.5.pom'. Received status code 504 from server: Gateway Timeout
* Try:
> Run with --stacktrace option to get the stack trace.
> Run with --info or --debug option to get more log output.
> Run with --scan to get full insights.
> Get more help at https://help.gradle.org.
BUILD FAILED in 1m 39s
Error: Gradle build failed with unknown error. See logs for the "Run gradlew" phase for more information.
Fail job

1s


Build failed: Gradle build failed with unknown error. See logs for the "Run gradlew" phase for more information.